<?xml version="1.0" encoding="utf-8"?><testsuites name="pytest tests"><testsuite name="pytest" errors="0" failures="0" skipped="0" tests="6" time="7.956" timestamp="2026-05-12T09:30:22.716896+00:00" hostname="agent-env-3f0ef416-9a50-458b-9d40-23408771a059"><testcase classname="backend.tests.test_invest_parse.TestParseText" name="test_parse_text_koukaki_extracts_fields" time="4.322" /><testcase classname="backend.tests.test_invest_parse.TestParseText" name="test_parse_text_too_short_400" time="0.116" /><testcase classname="backend.tests.test_invest_parse.TestParseText" name="test_parse_text_honest_null_no_invented_values" time="3.044" /><testcase classname="backend.tests.test_invest_parse.TestParseScreenshot" name="test_parse_screenshot_empty_400" time="0.185" /><testcase classname="backend.tests.test_invest_parse.TestParseScreenshot" name="test_parse_screenshot_too_many_400" time="0.150" /><testcase classname="backend.tests.test_invest_parse.TestRegression" name="test_invest_demo_asset_loads" time="0.114" /></testsuite></testsuites>