<?xml version="1.0" encoding="utf-8"?><testsuites name="pytest tests"><testsuite name="pytest" errors="0" failures="0" skipped="0" tests="13" time="113.140" timestamp="2026-05-08T13:54:43.295347+00:00" hostname="agent-env-3f0ef416-9a50-458b-9d40-23408771a059"><testcase classname="backend.tests.test_iter18.TestCanonicalUrl" name="test_strips_query" time="0.000" /><testcase classname="backend.tests.test_iter18.TestCanonicalUrl" name="test_strips_trailing_slash" time="0.000" /><testcase classname="backend.tests.test_iter18.TestCanonicalUrl" name="test_lowercases" time="0.000" /><testcase classname="backend.tests.test_iter18.TestCanonicalUrl" name="test_strips_fragment" time="0.000" /><testcase classname="backend.tests.test_iter18.TestCanonicalUrl" name="test_three_variants_collapse_same" time="0.000" /><testcase classname="backend.tests.test_iter18.TestCanonicalUrl" name="test_empty_returns_empty" time="0.000" /><testcase classname="backend.tests.test_iter18.TestPropertiesAuthGated" name="test_post_requires_auth" time="0.275" /><testcase classname="backend.tests.test_iter18.TestPublicRegression" name="test_demo_property" time="0.108" /><testcase classname="backend.tests.test_iter18.TestPublicRegression" name="test_portfolio_demo_5" time="0.227" /><testcase classname="backend.tests.test_iter18.TestPublicRegression" name="test_visualize_post" time="44.639" /><testcase classname="backend.tests.test_iter18.TestPublicRegression" name="test_upgrade_cart" time="50.824" /><testcase classname="backend.tests.test_iter18.TestPublicRegression" name="test_upgrade_listing" time="11.866" /><testcase classname="backend.tests.test_iter18.TestPublicRegression" name="test_ingest_listing_url" time="4.902" /></testsuite></testsuites>