<?xml version="1.0" encoding="utf-8"?><testsuites name="pytest tests"><testsuite name="pytest" errors="0" failures="0" skipped="0" tests="12" time="3.125" timestamp="2026-05-14T07:30:41.894320+00:00" hostname="agent-env-3f0ef416-9a50-458b-9d40-23408771a059"><testcase classname="backend.tests.test_iter63_pricing" name="test_pricing_tiers_values_in_server_module" time="0.325" /><testcase classname="backend.tests.test_iter63_pricing" name="test_checkout_new_paid_tiers[analyze]" time="0.785" /><testcase classname="backend.tests.test_iter63_pricing" name="test_checkout_new_paid_tiers[pro]" time="0.434" /><testcase classname="backend.tests.test_iter63_pricing" name="test_checkout_start_is_free_tier_400" time="0.066" /><testcase classname="backend.tests.test_iter63_pricing" name="test_checkout_scale_is_custom_tier_400" time="0.065" /><testcase classname="backend.tests.test_iter63_pricing" name="test_checkout_legacy_investor_alias" time="0.651" /><testcase classname="backend.tests.test_iter63_pricing" name="test_checkout_legacy_free_alias_400" time="0.068" /><testcase classname="backend.tests.test_iter63_pricing" name="test_checkout_legacy_developer_alias_400" time="0.064" /><testcase classname="backend.tests.test_iter63_pricing" name="test_checkout_unknown_tier_400" time="0.063" /><testcase classname="backend.tests.test_iter63_pricing" name="test_dashboard_news_strict_filter" time="0.064" /><testcase classname="backend.tests.test_iter63_pricing" name="test_dashboard_competition" time="0.065" /><testcase classname="backend.tests.test_iter63_pricing" name="test_location_analyze_minimal" time="0.437" /></testsuite></testsuites>