<?xml version="1.0" encoding="utf-8"?><testsuites name="pytest tests"><testsuite name="pytest" errors="0" failures="0" skipped="0" tests="6" time="36.298" timestamp="2026-05-12T12:50:47.664683+00:00" hostname="agent-env-3f0ef416-9a50-458b-9d40-23408771a059"><testcase classname="backend.tests.test_iter57_location" name="test_provider_status" time="0.305" /><testcase classname="backend.tests.test_iter57_location" name="test_analyze_glyfada_full_and_cache" time="0.318" /><testcase classname="backend.tests.test_iter57_location" name="test_analyze_lat_lng_only" time="34.887" /><testcase classname="backend.tests.test_iter57_location" name="test_analyze_missing_body_returns_400" time="0.214" /><testcase classname="backend.tests.test_iter57_location" name="test_analyze_invalid_address_graceful" time="0.402" /><testcase classname="backend.tests.test_iter57_location" name="test_regression_sources_endpoint" time="0.146" /></testsuite></testsuites>