<?xml version="1.0" encoding="utf-8"?><testsuites name="pytest tests"><testsuite name="pytest" errors="0" failures="0" skipped="0" tests="4" time="71.441" timestamp="2026-05-08T12:42:29.693208+00:00" hostname="agent-env-3f0ef416-9a50-458b-9d40-23408771a059"><testcase classname="backend.tests.test_iter14_ingest_visual.TestPropertiesDemo" name="test_get_property_demo" time="0.186" /><testcase classname="backend.tests.test_iter14_ingest_visual.TestPropertiesDemo" name="test_get_portfolio_demo" time="0.159" /><testcase classname="backend.tests.test_iter14_ingest_visual.TestUpgradeEndpoints" name="test_upgrade_cart" time="57.645" /><testcase classname="backend.tests.test_iter14_ingest_visual.TestUpgradeEndpoints" name="test_upgrade_listing" time="13.416" /></testsuite></testsuites>