<?xml version="1.0" encoding="utf-8"?><testsuites name="pytest tests"><testsuite name="pytest" errors="0" failures="0" skipped="0" tests="22" time="4.749" timestamp="2026-05-09T04:35:41.771023+00:00" hostname="agent-env-3f0ef416-9a50-458b-9d40-23408771a059"><testcase classname="backend.tests.test_iter25_invest.TestInvestIngest" name="test_invalid_url_rejected" time="0.232" /><testcase classname="backend.tests.test_iter25_invest.TestInvestIngest" name="test_user_overrides_win" time="0.257" /><testcase classname="backend.tests.test_iter25_invest.TestInvestIngest" name="test_property_type_heuristic" time="0.136" /><testcase classname="backend.tests.test_iter25_invest.TestInvestAnalyze" name="test_required_fields_rejected" time="0.123" /><testcase classname="backend.tests.test_iter25_invest.TestInvestAnalyze" name="test_top_level_shape" time="0.150" /><testcase classname="backend.tests.test_iter25_invest.TestInvestAnalyze" name="test_snapshot_keys" time="0.000" /><testcase classname="backend.tests.test_iter25_invest.TestInvestAnalyze" name="test_offer_strategies_count" time="0.000" /><testcase classname="backend.tests.test_iter25_invest.TestInvestAnalyze" name="test_true_roi_balances" time="0.000" /><testcase classname="backend.tests.test_iter25_invest.TestInvestAnalyze" name="test_transformation_three_scenarios" time="0.000" /><testcase classname="backend.tests.test_iter25_invest.TestInvestAnalyze" name="test_max_buy_price_inverse" time="0.000" /><testcase classname="backend.tests.test_iter25_invest.TestInvestAnalyze" name="test_str_comps_shape" time="0.000" /><testcase classname="backend.tests.test_iter25_invest.TestInvestAnalyze" name="test_determinism" time="0.089" /><testcase classname="backend.tests.test_iter24_stripe_warmup.TestVisionWarmup" name="test_warmup_ok" time="1.334" /><testcase classname="backend.tests.test_iter24_stripe_warmup.TestVisionWarmup" name="test_warmup_idempotent" time="0.172" /><testcase classname="backend.tests.test_iter24_stripe_warmup.TestStripeValidation" name="test_free_tier_rejected" time="0.045" /><testcase classname="backend.tests.test_iter24_stripe_warmup.TestStripeValidation" name="test_unknown_tier_rejected" time="0.087" /><testcase classname="backend.tests.test_iter24_stripe_warmup.TestStripeValidation" name="test_bad_origin_url" time="0.043" /><testcase classname="backend.tests.test_iter24_stripe_warmup" name="test_checkout_creates_session[pro]" time="0.529" /><testcase classname="backend.tests.test_iter24_stripe_warmup" name="test_checkout_creates_session[investor]" time="0.446" /><testcase classname="backend.tests.test_iter24_stripe_warmup" name="test_checkout_creates_session[developer]" time="0.419" /><testcase classname="backend.tests.test_iter24_stripe_warmup.TestStripeStatusPoll" name="test_status_returns_open_or_unpaid" time="0.526" /><testcase classname="backend.tests.test_iter24_stripe_warmup.TestStripeStatusPoll" name="test_status_idempotent" time="0.129" /></testsuite></testsuites>