<?xml version="1.0" encoding="utf-8"?><testsuites name="pytest tests"><testsuite name="pytest" errors="0" failures="0" skipped="0" tests="10" time="1.188" timestamp="2026-05-12T11:37:53.991250+00:00" hostname="agent-env-3f0ef416-9a50-458b-9d40-23408771a059"><testcase classname="backend.tests.test_iter56_sources.TestSourcesGetEmpty" name="test_get_returns_empty_locks_for_unknown_asset" time="0.289" /><testcase classname="backend.tests.test_iter56_sources.TestSourcesLock" name="test_lock_creates_doc" time="0.060" /><testcase classname="backend.tests.test_iter56_sources.TestSourcesLock" name="test_get_after_lock_returns_lock" time="0.047" /><testcase classname="backend.tests.test_iter56_sources.TestSourcesLock" name="test_relock_is_upsert" time="0.093" /><testcase classname="backend.tests.test_iter56_sources.TestSourcesLock" name="test_lock_multiple_fields" time="0.154" /><testcase classname="backend.tests.test_iter56_sources.TestSourcesUnlock" name="test_unlock_returns_locked_false" time="0.049" /><testcase classname="backend.tests.test_iter56_sources.TestSourcesUnlock" name="test_get_after_unlock_omits_field" time="0.047" /><testcase classname="backend.tests.test_iter56_sources.TestSourcesUnlock" name="test_unlock_remaining_fields_returns_empty" time="0.146" /><testcase classname="backend.tests.test_iter56_sources.TestSourcesUnlock" name="test_unlock_nonexistent_field_is_idempotent" time="0.048" /><testcase classname="backend.tests.test_iter56_sources.TestValidation" name="test_lock_missing_field_returns_400_or_422" time="0.229" /></testsuite></testsuites>