<?xml version="1.0" encoding="utf-8"?><testsuites name="pytest tests"><testsuite name="pytest" errors="0" failures="0" skipped="0" tests="12" time="98.940" timestamp="2026-05-08T08:44:55.811435+00:00" hostname="agent-env-3f0ef416-9a50-458b-9d40-23408771a059"><testcase classname="backend.tests.test_iter7.TestDemoRegression" name="test_demo_basics" time="0.221" /><testcase classname="backend.tests.test_iter7.TestVisualizeLayout" name="test_four_prompt_sections" time="13.415" /><testcase classname="backend.tests.test_iter7.TestShoppingCart" name="test_items_and_alternatives" time="12.660" /><testcase classname="backend.tests.test_iter7.TestContractorPackRegression" name="test_four_sections" time="17.695" /><testcase classname="backend.tests.test_iter7.TestUpdateListing" name="test_four_sections" time="12.366" /><testcase classname="backend.tests.test_iter7.TestActivateUpgrade" name="test_six_sections" time="22.785" /><testcase classname="backend.tests.test_iter7.TestExportPack" name="test_five_sections" time="18.426" /><testcase classname="backend.tests.test_iter7.TestApproveApplyFrontendOnly" name="test_approve_apply_returns_400" time="0.139" /><testcase classname="backend.tests.test_iter7.TestAuthAndCRUD" name="test_auth_me" time="0.518" /><testcase classname="backend.tests.test_iter7.TestAuthAndCRUD" name="test_create_list_property" time="0.315" /><testcase classname="backend.tests.test_iter7.TestUnknownAction" name="test_unknown_returns_400" time="0.120" /><testcase classname="backend.tests.test_iter7.TestFallbackUnit" name="test_fallback_runs" time="0.257" /></testsuite></testsuites>