<?xml version="1.0" encoding="utf-8"?><testsuites name="pytest tests"><testsuite name="pytest" errors="0" failures="2" skipped="0" tests="4" time="141.594" timestamp="2026-05-08T12:56:58.771322+00:00" hostname="agent-env-3f0ef416-9a50-458b-9d40-23408771a059"><testcase classname="backend.tests.test_iter15_regression" name="test_get_portfolio_demo" time="6.221" /><testcase classname="backend.tests.test_iter15_regression" name="test_post_upgrade_cart" time="60.124"><failure message="assert 502 == 200&#10; +  where 502 = &lt;Response [502]&gt;.status_code">E   assert 502 == 200
     +  where 502 = &lt;Response [502]&gt;.status_code</failure></testcase><testcase classname="backend.tests.test_iter15_regression" name="test_post_upgrade_listing" time="60.230"><failure message="assert 502 == 200&#10; +  where 502 = &lt;Response [502]&gt;.status_code">E   assert 502 == 200
     +  where 502 = &lt;Response [502]&gt;.status_code</failure></testcase><testcase classname="backend.tests.test_iter15_regression" name="test_post_ingest_listing_url_has_visual_fields" time="14.996" /></testsuite></testsuites>