<?xml version="1.0" encoding="utf-8"?><testsuites name="pytest tests"><testsuite name="pytest" errors="0" failures="0" skipped="0" tests="7" time="1.624" timestamp="2026-05-12T14:42:21.930176+00:00" hostname="agent-env-3f0ef416-9a50-458b-9d40-23408771a059"><testcase classname="backend.tests.test_iter59_routers.TestSourcesRouter" name="test_sources_get_baseline" time="0.178" /><testcase classname="backend.tests.test_iter59_routers.TestSourcesRouter" name="test_sources_lock_unlock_roundtrip" time="0.599" /><testcase classname="backend.tests.test_iter59_routers.TestLocationRouter" name="test_provider_endpoint" time="0.131" /><testcase classname="backend.tests.test_iter59_routers.TestLocationRouter" name="test_analyze_glyfada" time="0.131" /><testcase classname="backend.tests.test_iter59_routers.TestDashboardRouter" name="test_news_returns_items" time="0.123" /><testcase classname="backend.tests.test_iter59_routers.TestDashboardRouter" name="test_news_cached_on_second_call" time="0.310" /><testcase classname="backend.tests.test_iter59_routers.TestDashboardRouter" name="test_competition_endpoint" time="0.115" /></testsuite></testsuites>