<?xml version="1.0" encoding="utf-8"?><testsuites name="pytest tests"><testsuite name="pytest" errors="0" failures="0" skipped="0" tests="14" time="5.485" timestamp="2026-05-08T16:38:29.583096+00:00" hostname="agent-env-3f0ef416-9a50-458b-9d40-23408771a059"><testcase classname="backend.tests.test_iter25_stripe_status.TestStripeCheckout" name="test_checkout_creates_session[pro]" time="0.783" /><testcase classname="backend.tests.test_iter25_stripe_status.TestStripeCheckout" name="test_checkout_creates_session[investor]" time="0.666" /><testcase classname="backend.tests.test_iter25_stripe_status.TestStripeCheckout" name="test_checkout_creates_session[developer]" time="0.549" /><testcase classname="backend.tests.test_iter25_stripe_status.TestStripeCheckout" name="test_free_tier_rejected" time="0.136" /><testcase classname="backend.tests.test_iter25_stripe_status.TestStripeCheckout" name="test_bad_tier_rejected" time="0.156" /><testcase classname="backend.tests.test_iter25_stripe_status.TestStripeCheckout" name="test_missing_origin_rejected" time="0.159" /><testcase classname="backend.tests.test_iter25_stripe_status.TestStripeCheckout" name="test_invalid_origin_rejected" time="0.126" /><testcase classname="backend.tests.test_iter25_stripe_status.TestStripeStatusPoll" name="test_status_returns_persisted_record" time="0.646" /><testcase classname="backend.tests.test_iter25_stripe_status.TestStripeStatusPoll" name="test_status_unknown_session_returns_404" time="0.119" /><testcase classname="backend.tests.test_iter25_stripe_status.TestStripeStatusPoll" name="test_status_idempotent_3x" time="0.243" /><testcase classname="backend.tests.test_iter25_stripe_status.TestStripeWebhook" name="test_webhook_no_sig_returns_ok_false_not_500" time="0.135" /><testcase classname="backend.tests.test_iter25_stripe_status.TestVisionWarmup" name="test_warmup_consistent[0]" time="1.480" /><testcase classname="backend.tests.test_iter25_stripe_status.TestVisionWarmup" name="test_warmup_consistent[1]" time="0.120" /><testcase classname="backend.tests.test_iter25_stripe_status.TestVisionWarmup" name="test_warmup_consistent[2]" time="0.124" /></testsuite></testsuites>