<?xml version="1.0" encoding="utf-8"?><testsuites name="pytest tests"><testsuite name="pytest" errors="0" failures="0" skipped="0" tests="7" time="0.533" timestamp="2026-05-08T11:12:24.320267+00:00" hostname="agent-env-3f0ef416-9a50-458b-9d40-23408771a059"><testcase classname="backend.tests.test_iter11_cart" name="test_cart_returns_200" time="0.140" /><testcase classname="backend.tests.test_iter11_cart" name="test_cart_has_three_packages" time="0.000" /><testcase classname="backend.tests.test_iter11_cart" name="test_each_package_has_min_six_items_with_full_schema" time="0.000" /><testcase classname="backend.tests.test_iter11_cart" name="test_subtotal_eur_equals_sum_of_line_totals" time="0.000" /><testcase classname="backend.tests.test_iter11_cart" name="test_line_total_equals_qty_times_unit_price" time="0.000" /><testcase classname="backend.tests.test_iter11_cart" name="test_cart_cache_returns_under_2s_on_repeat" time="0.238" /><testcase classname="backend.tests.test_iter11_cart" name="test_cart_never_errors_on_minimal_payload" time="0.141" /></testsuite></testsuites>