<?xml version="1.0" encoding="utf-8"?><testsuites name="pytest tests"><testsuite name="pytest" errors="0" failures="0" skipped="0" tests="20" time="32.696" timestamp="2026-05-19T10:21:44.494521+00:00" hostname="agent-env-3f0ef416-9a50-458b-9d40-23408771a059"><testcase classname="backend.tests.test_iter67_portfolio_intel.TestRegression" name="test_root" time="0.212" /><testcase classname="backend.tests.test_iter67_portfolio_intel.TestRegression" name="test_auth_me_unauth" time="0.103" /><testcase classname="backend.tests.test_iter67_portfolio_intel.TestRegression" name="test_properties_demo" time="0.108" /><testcase classname="backend.tests.test_iter67_portfolio_intel.TestRegression" name="test_portfolio_demo" time="0.122" /><testcase classname="backend.tests.test_iter67_portfolio_intel.TestRegression" name="test_dashboard_news" time="0.106" /><testcase classname="backend.tests.test_iter67_portfolio_intel.TestRegression" name="test_payments_checkout_pro" time="0.634" /><testcase classname="backend.tests.test_iter67_portfolio_intel.TestRegression" name="test_invest_analyze" time="0.107" /><testcase classname="backend.tests.test_iter67_portfolio_intel.TestRegression" name="test_visual_warmup" time="1.295" /><testcase classname="backend.tests.test_iter67_portfolio_intel.TestRegression" name="test_transform_no_500" time="0.104" /><testcase classname="backend.tests.test_iter67_portfolio_intel.TestRegression" name="test_sync_listing" time="0.109" /><testcase classname="backend.tests.test_iter67_portfolio_intel.TestRegression" name="test_sync_listings_get" time="0.112" /><testcase classname="backend.tests.test_iter67_portfolio_intel.TestPortfolioIntel" name="test_create_asset" time="0.104" /><testcase classname="backend.tests.test_iter67_portfolio_intel.TestPortfolioIntel" name="test_list_owned" time="0.116" /><testcase classname="backend.tests.test_iter67_portfolio_intel.TestPortfolioIntel" name="test_update_valuation_created_asset" time="0.122" /><testcase classname="backend.tests.test_iter67_portfolio_intel.TestPortfolioIntel" name="test_update_valuation_demo_asset" time="0.138" /><testcase classname="backend.tests.test_iter67_portfolio_intel.TestPortfolioIntel" name="test_update_valuation_invalid" time="0.108" /><testcase classname="backend.tests.test_iter67_portfolio_intel.TestPortfolioIntel" name="test_signal" time="2.860" /><testcase classname="backend.tests.test_iter67_portfolio_intel.TestPortfolioIntel" name="test_portfolio_signal" time="3.358" /><testcase classname="backend.tests.test_iter67_portfolio_intel.TestPortfolioIntel" name="test_exit_plan" time="13.072" /><testcase classname="backend.tests.test_iter67_portfolio_intel.TestPortfolioIntel" name="test_action_plan" time="9.760" /></testsuite></testsuites>