<?xml version="1.0" encoding="utf-8"?><testsuites name="pytest tests"><testsuite name="pytest" errors="0" failures="0" skipped="0" tests="6" time="1.414" timestamp="2026-05-19T08:13:22.283628+00:00" hostname="agent-env-3f0ef416-9a50-458b-9d40-23408771a059"><testcase classname="backend.tests.test_iter65_regression" name="test_dashboard_news_ok" time="0.219" /><testcase classname="backend.tests.test_iter65_regression" name="test_dashboard_news_filter_no_crime" time="0.052" /><testcase classname="backend.tests.test_iter65_regression" name="test_dashboard_competition_ok" time="0.049" /><testcase classname="backend.tests.test_iter65_regression" name="test_checkout_analyze" time="0.568" /><testcase classname="backend.tests.test_iter65_regression" name="test_checkout_pro" time="0.450" /><testcase classname="backend.tests.test_iter65_regression" name="test_location_analyze_no_500" time="0.054" /></testsuite></testsuites>