<?xml version="1.0" encoding="utf-8"?><testsuites name="pytest tests"><testsuite name="pytest" errors="0" failures="1" skipped="0" tests="18" time="329.275" timestamp="2026-05-08T07:55:47.250340+00:00" hostname="agent-env-3f0ef416-9a50-458b-9d40-23408771a059"><testcase classname="backend.tests.test_iter5.TestDemo" name="test_demo_yield_new_shape" time="0.270" /><testcase classname="backend.tests.test_iter5.TestDemo" name="test_demo_design_intel_rich" time="0.138" /><testcase classname="backend.tests.test_iter5.TestDemo" name="test_demo_market_intel_rich" time="0.124" /><testcase classname="backend.tests.test_iter5.TestDemo" name="test_demo_score_breakdown" time="0.135" /><testcase classname="backend.tests.test_iter5.TestDemo" name="test_demo_action_plan_3_tabs" time="0.130" /><testcase classname="backend.tests.test_iter5.TestLiveAnalyze" name="test_analyze_new_schema" time="28.816" /><testcase classname="backend.tests.test_iter5.TestFallbackUnit" name="test_fallback_shape" time="0.262" /><testcase classname="backend.tests.test_iter5.TestBundles" name="test_bundle_action[photo_package]" time="34.104" /><testcase classname="backend.tests.test_iter5.TestBundles" name="test_bundle_action[lighting_package]" time="40.043" /><testcase classname="backend.tests.test_iter5.TestBundles" name="test_bundle_action[listing_optimization]" time="31.348"><failure message="AssertionError: listing_optimization: headings {'GUEST_TARGETING', 'SEO_POSITIONING', 'AMENITIES_STRUCTURE', 'OPTIMIZED_TITLE', 'LISTING_DESCRIPTION'} vs expected {'OPTIMIZED TITLE', 'AMENITIES STRUCTURE', 'LISTING DESCRIPTION', 'SEO POSITIONING', 'GUEST TARGETING'}&#10;assert 0 &gt;= 4&#10; +  where 4 = max(3, (5 - 1))&#10; +    where 5 = len({'AMENITIES STRUCTURE', 'GUEST TARGETING', 'LISTING DESCRIPTION', 'OPTIMIZED TITLE', 'SEO POSITIONING'})">backend/tests/test_iter5.py:203: in test_bundle_action
    assert overlap &gt;= max(3, len(expected_headings) - 1), (
E   AssertionError: listing_optimization: headings {'GUEST_TARGETING', 'SEO_POSITIONING', 'AMENITIES_STRUCTURE', 'OPTIMIZED_TITLE', 'LISTING_DESCRIPTION'} vs expected {'OPTIMIZED TITLE', 'AMENITIES STRUCTURE', 'LISTING DESCRIPTION', 'SEO POSITIONING', 'GUEST TARGETING'}
E   assert 0 &gt;= 4
E    +  where 4 = max(3, (5 - 1))
E    +    where 5 = len({'AMENITIES STRUCTURE', 'GUEST TARGETING', 'LISTING DESCRIPTION', 'OPTIMIZED TITLE', 'SEO POSITIONING'})</failure></testcase><testcase classname="backend.tests.test_iter5.TestBundles" name="test_bundle_action[pricing_strategy]" time="24.327" /><testcase classname="backend.tests.test_iter5.TestBundles" name="test_bundle_action[outdoor_package]" time="59.866" /><testcase classname="backend.tests.test_iter5.TestBundles" name="test_bundle_action[space_transformation]" time="26.478" /><testcase classname="backend.tests.test_iter5.TestBundles" name="test_bundle_action[execute_upgrade]" time="28.954" /><testcase classname="backend.tests.test_iter5.TestBundles" name="test_bundle_action[project_roi]" time="16.676" /><testcase classname="backend.tests.test_iter5.TestBundles" name="test_bundle_action[optimize_listing]" time="17.926" /><testcase classname="backend.tests.test_iter5.TestBundles" name="test_back_compat_single_action" time="19.460" /><testcase classname="backend.tests.test_iter5.TestBundles" name="test_unknown_action_400" time="0.139" /></testsuite></testsuites>