<?xml version="1.0" encoding="utf-8"?><testsuites name="pytest tests"><testsuite name="pytest" errors="0" failures="4" skipped="0" tests="7" time="245.957" timestamp="2026-05-08T12:52:36.611320+00:00" hostname="agent-env-3f0ef416-9a50-458b-9d40-23408771a059"><testcase classname="backend.tests.test_iter15_regression" name="test_get_property_demo" time="0.245" /><testcase classname="backend.tests.test_iter15_regression" name="test_get_portfolio_demo" time="0.115"><failure message="AssertionError: assert (False)&#10; +  where False = isinstance({'properties': [{'analysis': {'action_plan': {'high_roi_renovations': [{...}, {...}], 'medium_upgrades': [{...}, {...}, {...}], 'quick_wins': [{...}, {...}, {...}]}, 'design_intelligence': {'color_palette': 'Limewash white, sun-bleached oak, charcoal stone — coherent with the Cycladic vernacular and aligned with current editorial expectations.', 'furnishing_cohesion': 'Fundamentally cohesive — limewash, oak and stone read as one material story; rattan accents fracture the line and should be retired.', 'furniture_quality': 'Mid-tier with selective elevation; swap rattan accents for hand-finished oak to align tactile signal with visual restraint.', 'guest_emotional_perception': 'Arrival reads calm and contemplative; evening softens without programmed light — measurable risk to repeat-stay rates and review sentiment.', ...}, 'layout_intelligence': {'bedroom_privacy': 'Strong — separated wing with stone wall buffer.', 'circulation': 'Good; no choke points.', 'loft_opportunity': 'Vaulted ceiling above living area supports a discrete sleeping mezzanine for +1 sleep.', 'sleeps_per_sqm': '0.06 — slightly under-utilized for premium island STR.', ...}, 'market_intelligence': {'adr_range': ...l with visual restraint.', 'guest_emotional_perception': 'Arrival reads calm and contemplative; evening softens without programmed light — measurable risk to repeat-stay rates and review sentiment.', ...}, 'layout_intelligence': {'bedroom_privacy': 'Strong — separated wing with stone wall buffer.', 'circulation': 'Good; no choke points.', 'loft_opportunity': 'Vaulted ceiling above living area supports a discrete sleeping mezzanine for +1 sleep.', 'sleeps_per_sqm': '0.06 — slightly under-utilized for premium island STR.', ...}, 'market_intelligence': {'adr_range': '€110 – €240', 'competitors': '8 comparable boutique suites within 1.5km; only 3 execute at editorial design standard — defensible scarcity premium.', 'local_market_insights': 'Koufonisia attracts a low-volume, high-spend traveler cohort. Design-led inventory is structurally undersupplied versus Mykonos; peer-set sophistication is rising but absorbable.', 'neighborhood_intelligence': 'Chora sea-facing terrace district commands a 22–28% premium over inland inventory; foot traffic is curated, no near-term saturation risk identified.', ...}, ...}, 'bathrooms': 1, 'bedrooms': 2, 'city': 'Carvalhal, Comporta, Portugal', ...}]}, list)">backend/tests/test_iter15_regression.py:22: in test_get_portfolio_demo
    assert isinstance(items, list) and len(items) &gt;= 1
E   AssertionError: assert (False)
E    +  where False = isinstance({'properties': [{'analysis': {'action_plan': {'high_roi_renovations': [{...}, {...}], 'medium_upgrades': [{...}, {...}, {...}], 'quick_wins': [{...}, {...}, {...}]}, 'design_intelligence': {'color_palette': 'Limewash white, sun-bleached oak, charcoal stone — coherent with the Cycladic vernacular and aligned with current editorial expectations.', 'furnishing_cohesion': 'Fundamentally cohesive — limewash, oak and stone read as one material story; rattan accents fracture the line and should be retired.', 'furniture_quality': 'Mid-tier with selective elevation; swap rattan accents for hand-finished oak to align tactile signal with visual restraint.', 'guest_emotional_perception': 'Arrival reads calm and contemplative; evening softens without programmed light — measurable risk to repeat-stay rates and review sentiment.', ...}, 'layout_intelligence': {'bedroom_privacy': 'Strong — separated wing with stone wall buffer.', 'circulation': 'Good; no choke points.', 'loft_opportunity': 'Vaulted ceiling above living area supports a discrete sleeping mezzanine for +1 sleep.', 'sleeps_per_sqm': '0.06 — slightly under-utilized for premium island STR.', ...}, 'market_intelligence': {'adr_range': ...l with visual restraint.', 'guest_emotional_perception': 'Arrival reads calm and contemplative; evening softens without programmed light — measurable risk to repeat-stay rates and review sentiment.', ...}, 'layout_intelligence': {'bedroom_privacy': 'Strong — separated wing with stone wall buffer.', 'circulation': 'Good; no choke points.', 'loft_opportunity': 'Vaulted ceiling above living area supports a discrete sleeping mezzanine for +1 sleep.', 'sleeps_per_sqm': '0.06 — slightly under-utilized for premium island STR.', ...}, 'market_intelligence': {'adr_range': '€110 – €240', 'competitors': '8 comparable boutique suites within 1.5km; only 3 execute at editorial design standard — defensible scarcity premium.', 'local_market_insights': 'Koufonisia attracts a low-volume, high-spend traveler cohort. Design-led inventory is structurally undersupplied versus Mykonos; peer-set sophistication is rising but absorbable.', 'neighborhood_intelligence': 'Chora sea-facing terrace district commands a 22–28% premium over inland inventory; foot traffic is curated, no near-term saturation risk identified.', ...}, ...}, 'bathrooms': 1, 'bedrooms': 2, 'city': 'Carvalhal, Comporta, Portugal', ...}]}, list)</failure></testcase><testcase classname="backend.tests.test_iter15_regression" name="test_post_visualize_returns_three_concepts" time="38.983" /><testcase classname="backend.tests.test_iter15_regression" name="test_post_upgrade_cart" time="60.218"><failure message="assert 502 == 200&#10; +  where 502 = &lt;Response [502]&gt;.status_code">backend/tests/test_iter15_regression.py:49: in test_post_upgrade_cart
    assert r.status_code == 200
E   assert 502 == 200
E    +  where 502 = &lt;Response [502]&gt;.status_code</failure></testcase><testcase classname="backend.tests.test_iter15_regression" name="test_post_upgrade_listing" time="60.290"><failure message="assert 502 == 200&#10; +  where 502 = &lt;Response [502]&gt;.status_code">backend/tests/test_iter15_regression.py:63: in test_post_upgrade_listing
    assert r.status_code == 200
E   assert 502 == 200
E    +  where 502 = &lt;Response [502]&gt;.status_code</failure></testcase><testcase classname="backend.tests.test_iter15_regression" name="test_post_ingest_listing_url_has_visual_fields" time="60.233"><failure message="assert 502 == 200&#10; +  where 502 = &lt;Response [502]&gt;.status_code">backend/tests/test_iter15_regression.py:74: in test_post_ingest_listing_url_has_visual_fields
    assert r.status_code == 200
E   assert 502 == 200
E    +  where 502 = &lt;Response [502]&gt;.status_code</failure></testcase><testcase classname="backend.tests.test_iter15_regression" name="test_post_visualize_image_optional" time="25.820" /></testsuite></testsuites>