<?xml version="1.0" encoding="utf-8"?><testsuites name="pytest tests"><testsuite name="pytest" errors="0" failures="0" skipped="0" tests="12" time="5.256" timestamp="2026-05-14T07:49:23.184047+00:00" hostname="agent-env-3f0ef416-9a50-458b-9d40-23408771a059"><testcase classname="backend.tests.test_iter63_pricing" name="test_pricing_tiers_values_in_server_module" time="0.329" /><testcase classname="backend.tests.test_iter63_pricing" name="test_checkout_new_paid_tiers[analyze]" time="0.773" /><testcase classname="backend.tests.test_iter63_pricing" name="test_checkout_new_paid_tiers[pro]" time="0.492" /><testcase classname="backend.tests.test_iter63_pricing" name="test_checkout_start_is_free_tier_400" time="0.063" /><testcase classname="backend.tests.test_iter63_pricing" name="test_checkout_scale_is_custom_tier_400" time="0.058" /><testcase classname="backend.tests.test_iter63_pricing" name="test_checkout_legacy_investor_alias" time="0.461" /><testcase classname="backend.tests.test_iter63_pricing" name="test_checkout_legacy_free_alias_400" time="0.056" /><testcase classname="backend.tests.test_iter63_pricing" name="test_checkout_legacy_developer_alias_400" time="0.060" /><testcase classname="backend.tests.test_iter63_pricing" name="test_checkout_unknown_tier_400" time="0.092" /><testcase classname="backend.tests.test_iter63_pricing" name="test_dashboard_news_strict_filter" time="2.614" /><testcase classname="backend.tests.test_iter63_pricing" name="test_dashboard_competition" time="0.060" /><testcase classname="backend.tests.test_iter63_pricing" name="test_location_analyze_minimal" time="0.169" /></testsuite></testsuites>