<?xml version="1.0" encoding="utf-8"?><testsuites name="pytest tests"><testsuite name="pytest" errors="0" failures="0" skipped="0" tests="2" time="1.042" timestamp="2026-05-11T07:09:06.868920+00:00" hostname="agent-env-3f0ef416-9a50-458b-9d40-23408771a059"><testcase classname="backend.tests.test_iter44_master_fix.TestInvestIngestSpitogatos" name="test_spitogatos_ingest_returns_bot_blocked_and_debug" time="0.447" /><testcase classname="backend.tests.test_iter44_master_fix.TestInvestIngestSpitogatos" name="test_invest_ingest_health_non_spito_url" time="0.574" /></testsuite></testsuites>