<?xml version="1.0" encoding="utf-8"?><testsuites name="pytest tests"><testsuite name="pytest" errors="0" failures="0" skipped="0" tests="20" time="34.872" timestamp="2026-05-19T10:32:46.815146+00:00" hostname="agent-env-3f0ef416-9a50-458b-9d40-23408771a059"><testcase classname="backend.tests.test_iter67_portfolio_intel.TestRegression" name="test_root" time="0.235" /><testcase classname="backend.tests.test_iter67_portfolio_intel.TestRegression" name="test_auth_me_unauth" time="0.098" /><testcase classname="backend.tests.test_iter67_portfolio_intel.TestRegression" name="test_properties_demo" time="0.121" /><testcase classname="backend.tests.test_iter67_portfolio_intel.TestRegression" name="test_portfolio_demo" time="0.182" /><testcase classname="backend.tests.test_iter67_portfolio_intel.TestRegression" name="test_dashboard_news" time="1.351" /><testcase classname="backend.tests.test_iter67_portfolio_intel.TestRegression" name="test_payments_checkout_pro" time="0.801" /><testcase classname="backend.tests.test_iter67_portfolio_intel.TestRegression" name="test_invest_analyze" time="0.100" /><testcase classname="backend.tests.test_iter67_portfolio_intel.TestRegression" name="test_visual_warmup" time="0.124" /><testcase classname="backend.tests.test_iter67_portfolio_intel.TestRegression" name="test_transform_no_500" time="0.105" /><testcase classname="backend.tests.test_iter67_portfolio_intel.TestRegression" name="test_sync_listing" time="0.096" /><testcase classname="backend.tests.test_iter67_portfolio_intel.TestRegression" name="test_sync_listings_get" time="0.097" /><testcase classname="backend.tests.test_iter67_portfolio_intel.TestPortfolioIntel" name="test_create_asset" time="0.117" /><testcase classname="backend.tests.test_iter67_portfolio_intel.TestPortfolioIntel" name="test_list_owned" time="0.168" /><testcase classname="backend.tests.test_iter67_portfolio_intel.TestPortfolioIntel" name="test_update_valuation_created_asset" time="0.108" /><testcase classname="backend.tests.test_iter67_portfolio_intel.TestPortfolioIntel" name="test_update_valuation_demo_asset" time="0.104" /><testcase classname="backend.tests.test_iter67_portfolio_intel.TestPortfolioIntel" name="test_update_valuation_invalid" time="0.139" /><testcase classname="backend.tests.test_iter67_portfolio_intel.TestPortfolioIntel" name="test_signal" time="2.325" /><testcase classname="backend.tests.test_iter67_portfolio_intel.TestPortfolioIntel" name="test_portfolio_signal" time="3.593" /><testcase classname="backend.tests.test_iter67_portfolio_intel.TestPortfolioIntel" name="test_exit_plan" time="14.425" /><testcase classname="backend.tests.test_iter67_portfolio_intel.TestPortfolioIntel" name="test_action_plan" time="10.557" /></testsuite></testsuites>