<?xml version="1.0" encoding="utf-8"?><testsuites name="pytest tests"><testsuite name="pytest" errors="0" failures="0" skipped="0" tests="13" time="11.018" timestamp="2026-05-08T14:20:03.141183+00:00" hostname="agent-env-3f0ef416-9a50-458b-9d40-23408771a059"><testcase classname="backend.tests.test_iter19.TestVisualAnalysis" name="test_happy_path_real_vision" time="6.100" /><testcase classname="backend.tests.test_iter19.TestVisualAnalysis" name="test_cache_hit_is_instant" time="0.065" /><testcase classname="backend.tests.test_iter19.TestVisualAnalysisErrors" name="test_empty_url_400" time="0.064" /><testcase classname="backend.tests.test_iter19.TestVisualAnalysisErrors" name="test_html_url_400_or_502" time="0.169" /><testcase classname="backend.tests.test_iter19.TestVisualAnalysisErrors" name="test_unreachable_host_502" time="0.097" /><testcase classname="backend.tests.test_iter19.TestAuthGated" name="test_post_properties_requires_auth" time="0.079" /><testcase classname="backend.tests.test_iter19.TestAuthGated" name="test_analyze_requires_auth" time="0.067" /><testcase classname="backend.tests.test_iter19.TestPublicRegression" name="test_get_demo_property" time="0.064" /><testcase classname="backend.tests.test_iter19.TestPublicRegression" name="test_get_demo_portfolio" time="0.082" /><testcase classname="backend.tests.test_iter19.TestPublicRegression" name="test_visualize" time="0.069" /><testcase classname="backend.tests.test_iter19.TestPublicRegression" name="test_upgrade_cart" time="0.072" /><testcase classname="backend.tests.test_iter19.TestPublicRegression" name="test_upgrade_listing" time="0.069" /><testcase classname="backend.tests.test_iter19.TestPublicRegression" name="test_ingest_listing_url" time="4.004" /></testsuite></testsuites>