<?xml version="1.0" encoding="utf-8"?><testsuites name="pytest tests"><testsuite name="pytest" errors="0" failures="0" skipped="1" tests="5" time="22.121" timestamp="2026-05-08T07:28:20.453897+00:00" hostname="agent-env-3f0ef416-9a50-458b-9d40-23408771a059"><testcase classname="backend.tests.test_iter4_fallback.TestFallbackHelper" name="test_fallback_schema_complete" time="0.000" /><testcase classname="backend.tests.test_iter4_fallback.TestFallbackHelper" name="test_fallback_handles_missing_inputs" time="0.000" /><testcase classname="backend.tests.test_iter4_fallback.TestFallbackHelper" name="test_enrich_adds_score_breakdown_and_curve" time="0.000" /><testcase classname="backend.tests.test_iter4_fallback.TestFallbackHelper" name="test_enrich_preserves_existing_score_breakdown" time="0.000" /><testcase classname="backend.tests.test_iter4_fallback.TestFallbackViaEnvSwap" name="test_endpoint_returns_fallback_when_key_missing" time="21.827"><skipped type="pytest.skip" message="Live AI succeeded; cannot exercise fallback via env swap from test process (supervisor backend uses its own env). Direct helper test in TestFallbackHelper covers this path.">/app/backend/tests/test_iter4_fallback.py:134: Live AI succeeded; cannot exercise fallback via env swap from test process (supervisor backend uses its own env). Direct helper test in TestFallbackHelper covers this path.</skipped></testcase></testsuite></testsuites>