<?xml version="1.0" encoding="utf-8"?><testsuites name="pytest tests"><testsuite name="pytest" errors="0" failures="0" skipped="0" tests="9" time="6.560" timestamp="2026-05-13T13:26:09.006037+00:00" hostname="agent-env-3f0ef416-9a50-458b-9d40-23408771a059"><testcase classname="backend.tests.test_iter62_news_filter.TestNewsFilter" name="test_news_endpoint_returns_items" time="4.040" /><testcase classname="backend.tests.test_iter62_news_filter.TestNewsFilter" name="test_every_item_has_re_keyword" time="0.146" /><testcase classname="backend.tests.test_iter62_news_filter.TestNewsFilter" name="test_no_excluded_keywords" time="0.107" /><testcase classname="backend.tests.test_iter62_news_filter.TestCacheBust" name="test_cache_key_is_v2" time="0.006" /><testcase classname="backend.tests.test_iter62_news_filter.TestCacheBust" name="test_fresh_fetch_after_cache_delete" time="1.678" /><testcase classname="backend.tests.test_iter62_news_filter.TestRegression" name="test_competition_endpoint" time="0.162" /><testcase classname="backend.tests.test_iter62_news_filter.TestRegression" name="test_location_analyze" time="0.109" /><testcase classname="backend.tests.test_iter62_news_filter.TestRegression" name="test_parse_brochure_empty_400" time="0.105" /><testcase classname="backend.tests.test_iter62_news_filter.TestRegression" name="test_sources_endpoint_exists" time="0.108" /></testsuite></testsuites>