<?xml version="1.0" encoding="utf-8"?><testsuites name="pytest tests"><testsuite name="pytest" errors="0" failures="2" skipped="0" tests="10" time="4.716" timestamp="2026-05-08T16:24:00.917692+00:00" hostname="agent-env-3f0ef416-9a50-458b-9d40-23408771a059"><testcase classname="backend.tests.test_iter24_stripe_warmup.TestVisionWarmup" name="test_warmup_ok" time="1.758" /><testcase classname="backend.tests.test_iter24_stripe_warmup.TestVisionWarmup" name="test_warmup_idempotent" time="0.195" /><testcase classname="backend.tests.test_iter24_stripe_warmup.TestStripeValidation" name="test_free_tier_rejected" time="0.068" /><testcase classname="backend.tests.test_iter24_stripe_warmup.TestStripeValidation" name="test_unknown_tier_rejected" time="0.075" /><testcase classname="backend.tests.test_iter24_stripe_warmup.TestStripeValidation" name="test_bad_origin_url" time="0.087" /><testcase classname="backend.tests.test_iter24_stripe_warmup" name="test_checkout_creates_session[pro]" time="0.528" /><testcase classname="backend.tests.test_iter24_stripe_warmup" name="test_checkout_creates_session[investor]" time="0.448" /><testcase classname="backend.tests.test_iter24_stripe_warmup" name="test_checkout_creates_session[developer]" time="0.434" /><testcase classname="backend.tests.test_iter24_stripe_warmup.TestStripeStatusPoll" name="test_status_returns_open_or_unpaid" time="0.834"><failure message="AssertionError: {&quot;detail&quot;:&quot;Stripe provider error&quot;}&#10;assert 502 == 200&#10; +  where 502 = &lt;Response [502]&gt;.status_code">backend/tests/test_iter24_stripe_warmup.py:78: in test_status_returns_open_or_unpaid
    assert r.status_code == 200, r.text
E   AssertionError: {"detail":"Stripe provider error"}
E   assert 502 == 200
E    +  where 502 = &lt;Response [502]&gt;.status_code</failure></testcase><testcase classname="backend.tests.test_iter24_stripe_warmup.TestStripeStatusPoll" name="test_status_idempotent" time="0.223"><failure message="assert 502 == 200&#10; +  where 502 = &lt;Response [502]&gt;.status_code">backend/tests/test_iter24_stripe_warmup.py:93: in test_status_idempotent
    assert r.status_code == 200
E   assert 502 == 200
E    +  where 502 = &lt;Response [502]&gt;.status_code</failure></testcase></testsuite></testsuites>