<?xml version="1.0" encoding="utf-8"?><testsuites name="pytest tests"><testsuite name="pytest" errors="0" failures="0" skipped="1" tests="23" time="519.702" timestamp="2026-05-08T08:28:23.183349+00:00" hostname="agent-env-3f0ef416-9a50-458b-9d40-23408771a059"><testcase classname="tests.test_iter6.TestDemoYieldShape" name="test_demo_yield_new_shape_exact" time="11.763" /><testcase classname="tests.test_iter6.TestDemoYieldShape" name="test_demo_first_yield_exact_values" time="19.061" /><testcase classname="tests.test_iter6.TestDemoYieldShape" name="test_demo_design_market_intel_score" time="0.164" /><testcase classname="tests.test_iter6.TestOperationalPrimitives" name="test_visualize_layout" time="25.331" /><testcase classname="tests.test_iter6.TestOperationalPrimitives" name="test_shopping_cart" time="60.123"><skipped type="pytest.skip" message="AI unavailable">/app/backend/tests/test_iter6.py:124: AI unavailable</skipped></testcase><testcase classname="tests.test_iter6.TestOperationalPrimitives" name="test_contractor_pack" time="22.513" /><testcase classname="tests.test_iter6.TestOperationalPrimitives" name="test_update_listing" time="26.148" /><testcase classname="tests.test_iter6.TestOperationalPrimitives" name="test_activate_upgrade" time="51.988" /><testcase classname="tests.test_iter6.TestBackCompat" name="test_legacy_action_accepted[photo_package]" time="47.697" /><testcase classname="tests.test_iter6.TestBackCompat" name="test_legacy_action_accepted[lighting_package]" time="35.847" /><testcase classname="tests.test_iter6.TestBackCompat" name="test_legacy_action_accepted[listing_optimization]" time="23.431" /><testcase classname="tests.test_iter6.TestBackCompat" name="test_legacy_action_accepted[pricing_strategy]" time="19.554" /><testcase classname="tests.test_iter6.TestBackCompat" name="test_legacy_action_accepted[outdoor_package]" time="27.311" /><testcase classname="tests.test_iter6.TestBackCompat" name="test_legacy_action_accepted[space_transformation]" time="34.970" /><testcase classname="tests.test_iter6.TestBackCompat" name="test_legacy_action_accepted[execute_upgrade]" time="10.489" /><testcase classname="tests.test_iter6.TestBackCompat" name="test_legacy_action_accepted[optimize_listing]" time="14.906" /><testcase classname="tests.test_iter6.TestBackCompat" name="test_legacy_action_accepted[project_roi]" time="16.003" /><testcase classname="tests.test_iter6.TestBackCompat" name="test_legacy_action_accepted[shot_list]" time="14.942" /><testcase classname="tests.test_iter6.TestBackCompat" name="test_legacy_action_accepted[lighting_plan]" time="21.596" /><testcase classname="tests.test_iter6.TestBackCompat" name="test_legacy_action_accepted[airbnb_title]" time="10.240" /><testcase classname="tests.test_iter6.TestBackCompat" name="test_unknown_action_returns_400" time="0.118" /><testcase classname="tests.test_iter6.TestFallbackUnit" name="test_fallback_yield_new_shape" time="0.557" /><testcase classname="tests.test_iter6.TestLiveAnalyze" name="test_analyze_new_yield_shape" time="24.920" /></testsuite></testsuites>