<?xml version="1.0" encoding="utf-8"?><testsuites name="pytest tests"><testsuite name="pytest" errors="0" failures="1" skipped="0" tests="14" time="37.061" timestamp="2026-05-19T20:39:37.684720+00:00" hostname="agent-env-3f0ef416-9a50-458b-9d40-23408771a059"><testcase classname="backend.tests.test_iter68_phase1.TestNegotiationPack" name="test_negotiation_pack_structure" time="10.641" /><testcase classname="backend.tests.test_iter68_phase1.TestPipeline" name="test_save_to_pipeline_then_list" time="0.158" /><testcase classname="backend.tests.test_iter68_phase1.TestRegression" name="test_root" time="0.073" /><testcase classname="backend.tests.test_iter68_phase1.TestRegression" name="test_auth_me_unauthenticated" time="0.072" /><testcase classname="backend.tests.test_iter68_phase1.TestRegression" name="test_properties_demo" time="0.075" /><testcase classname="backend.tests.test_iter68_phase1.TestRegression" name="test_portfolio_demo" time="0.093" /><testcase classname="backend.tests.test_iter68_phase1.TestRegression" name="test_dashboard_news" time="1.545" /><testcase classname="backend.tests.test_iter68_phase1.TestRegression" name="test_payments_checkout_pro" time="0.078"><failure message="AssertionError: {&quot;detail&quot;:[{&quot;type&quot;:&quot;missing&quot;,&quot;loc&quot;:[&quot;body&quot;,&quot;tier&quot;],&quot;msg&quot;:&quot;Field required&quot;,&quot;input&quot;:{&quot;plan&quot;:&quot;pro&quot;,&quot;origin_url&quot;:&quot;https://hospitality-ai-12.preview.emergentagent.com&quot;},&quot;url&quot;:&quot;https://errors.pydantic.dev/2.13/v/missing&quot;}]}&#10;assert 422 == 200&#10; +  where 422 = &lt;Response [422]&gt;.status_code">backend/tests/test_iter68_phase1.py:113: in test_payments_checkout_pro
    assert r.status_code == 200, r.text
E   AssertionError: {"detail":[{"type":"missing","loc":["body","tier"],"msg":"Field required","input":{"plan":"pro","origin_url":"https://hospitality-ai-12.preview.emergentagent.com"},"url":"https://errors.pydantic.dev/2.13/v/missing"}]}
E   assert 422 == 200
E    +  where 422 = &lt;Response [422]&gt;.status_code</failure></testcase><testcase classname="backend.tests.test_iter68_phase1.TestRegression" name="test_invest_analyze" time="0.078" /><testcase classname="backend.tests.test_iter68_phase1.TestRegression" name="test_visual_analysis_warmup" time="0.076" /><testcase classname="backend.tests.test_iter68_phase1.TestRegression" name="test_portfolio_intel_owned" time="0.153" /><testcase classname="backend.tests.test_iter68_phase1.TestRegression" name="test_portfolio_intel_signal" time="3.441" /><testcase classname="backend.tests.test_iter68_phase1.TestRegression" name="test_portfolio_intel_action_plan" time="9.048" /><testcase classname="backend.tests.test_iter68_phase1.TestRegression" name="test_portfolio_intel_exit_plan" time="11.465" /></testsuite></testsuites>