<?xml version="1.0" encoding="utf-8"?><testsuites name="pytest tests"><testsuite name="pytest" errors="0" failures="0" skipped="0" tests="18" time="7.304" timestamp="2026-05-19T08:58:52.102791+00:00" hostname="agent-env-3f0ef416-9a50-458b-9d40-23408771a059"><testcase classname="backend.tests.test_iter66_regression" name="test_root" time="0.168" /><testcase classname="backend.tests.test_iter66_regression" name="test_api_root" time="0.047" /><testcase classname="backend.tests.test_iter66_regression" name="test_auth_me_unauthenticated" time="0.056" /><testcase classname="backend.tests.test_iter66_regression" name="test_auth_logout_no_cookie" time="0.044" /><testcase classname="backend.tests.test_iter66_regression" name="test_auth_session_missing_id" time="0.046" /><testcase classname="backend.tests.test_iter66_regression" name="test_properties_demo" time="0.046" /><testcase classname="backend.tests.test_iter66_regression" name="test_portfolio_demo" time="0.051" /><testcase classname="backend.tests.test_iter66_regression" name="test_dashboard_news" time="0.051" /><testcase classname="backend.tests.test_iter66_regression" name="test_dashboard_competition" time="0.045" /><testcase classname="backend.tests.test_iter66_regression" name="test_checkout_pro" time="0.503" /><testcase classname="backend.tests.test_iter66_regression" name="test_checkout_start_free_tier_rejected" time="0.046" /><testcase classname="backend.tests.test_iter66_regression" name="test_invest_analyze_minimal" time="0.045" /><testcase classname="backend.tests.test_iter66_regression" name="test_invest_draft_create_and_get" time="0.099" /><testcase classname="backend.tests.test_iter66_regression" name="test_visual_analysis_warmup" time="1.229" /><testcase classname="backend.tests.test_iter66_regression" name="test_transform_bad_payload_no_500" time="0.049" /><testcase classname="backend.tests.test_iter66_regression" name="test_ingest_listing_url_no_500" time="4.639" /><testcase classname="backend.tests.test_iter66_regression" name="test_sync_listing_minimal" time="0.056" /><testcase classname="backend.tests.test_iter66_regression" name="test_sync_listings_list" time="0.050" /></testsuite></testsuites>