<?xml version="1.0" encoding="utf-8"?><testsuites name="pytest tests"><testsuite name="pytest" errors="0" failures="0" skipped="0" tests="4" time="1.006" timestamp="2026-05-12T14:18:04.511838+00:00" hostname="agent-env-3f0ef416-9a50-458b-9d40-23408771a059"><testcase classname="backend.tests.test_iter58_location_embed" name="test_provider_still_osm" time="0.384" /><testcase classname="backend.tests.test_iter58_location_embed" name="test_analyze_koukaki_athens_greece" time="0.212" /><testcase classname="backend.tests.test_iter58_location_embed" name="test_analyze_koukaki_cache_hit" time="0.125" /><testcase classname="backend.tests.test_iter58_location_embed" name="test_sources_demo_regression" time="0.257" /></testsuite></testsuites>