<?xml version="1.0" encoding="utf-8"?><testsuites name="pytest tests"><testsuite name="pytest" errors="0" failures="0" skipped="0" tests="8" time="129.010" timestamp="2026-05-08T07:29:16.502119+00:00" hostname="agent-env-3f0ef416-9a50-458b-9d40-23408771a059"><testcase classname="backend.tests.test_transform.TestTransformPublic" name="test_transform_no_auth_required" time="28.509" /><testcase classname="backend.tests.test_transform.TestTransformPublic" name="test_transform_shot_list_photography" time="26.390" /><testcase classname="backend.tests.test_transform.TestTransformPublic" name="test_transform_lighting_plan" time="29.962" /><testcase classname="backend.tests.test_transform.TestTransformPublic" name="test_transform_terrace_concept" time="26.648" /><testcase classname="backend.tests.test_transform.TestTransformPublic" name="test_transform_airbnb_title" time="17.120" /><testcase classname="backend.tests.test_transform.TestTransformErrors" name="test_invalid_action_returns_400" time="0.157" /><testcase classname="backend.tests.test_transform.TestTransformErrors" name="test_malformed_body_returns_422" time="0.102" /><testcase classname="backend.tests.test_transform.TestTransformErrors" name="test_no_cookie_no_bearer_still_allowed" time="0.105" /></testsuite></testsuites>