<?xml version="1.0" encoding="utf-8"?><testsuites name="pytest tests"><testsuite name="pytest" errors="0" failures="0" skipped="0" tests="6" time="8.419" timestamp="2026-05-12T09:10:03.713519+00:00" hostname="agent-env-3f0ef416-9a50-458b-9d40-23408771a059"><testcase classname="backend.tests.test_invest_parse.TestParseText" name="test_parse_text_koukaki_extracts_fields" time="5.035" /><testcase classname="backend.tests.test_invest_parse.TestParseText" name="test_parse_text_too_short_400" time="0.163" /><testcase classname="backend.tests.test_invest_parse.TestParseText" name="test_parse_text_honest_null_no_invented_values" time="2.868" /><testcase classname="backend.tests.test_invest_parse.TestParseScreenshot" name="test_parse_screenshot_empty_400" time="0.108" /><testcase classname="backend.tests.test_invest_parse.TestParseScreenshot" name="test_parse_screenshot_too_many_400" time="0.101" /><testcase classname="backend.tests.test_invest_parse.TestRegression" name="test_invest_demo_asset_loads" time="0.110" /></testsuite></testsuites>