<?xml version="1.0" encoding="utf-8"?><testsuites name="pytest tests"><testsuite name="pytest" errors="0" failures="0" skipped="0" tests="12" time="9.303" timestamp="2026-05-12T16:09:00.203081+00:00" hostname="agent-env-3f0ef416-9a50-458b-9d40-23408771a059"><testcase classname="backend.tests.test_iter61_brochure.TestHealth" name="test_demo_property" time="0.166" /><testcase classname="backend.tests.test_iter61_brochure.TestParseBrochure" name="test_empty_body_returns_400" time="0.152" /><testcase classname="backend.tests.test_iter61_brochure.TestParseBrochure" name="test_invalid_pdf_returns_422" time="0.154" /><testcase classname="backend.tests.test_iter61_brochure.TestParseBrochure" name="test_image_only_pdf_returns_422" time="0.133" /><testcase classname="backend.tests.test_iter61_brochure.TestParseBrochure" name="test_offplan_brochure_parses" time="5.038" /><testcase classname="backend.tests.test_iter61_brochure.TestRegression" name="test_parse_text_empty" time="0.193" /><testcase classname="backend.tests.test_iter61_brochure.TestRegression" name="test_parse_text_valid" time="2.617" /><testcase classname="backend.tests.test_iter61_brochure.TestRegression" name="test_parse_screenshot_empty" time="0.121" /><testcase classname="backend.tests.test_iter61_brochure.TestRegression" name="test_dashboard_news" time="0.218" /><testcase classname="backend.tests.test_iter61_brochure.TestRegression" name="test_dashboard_competition" time="0.228" /><testcase classname="backend.tests.test_iter61_brochure.TestRegression" name="test_location_analyze" time="0.134" /><testcase classname="backend.tests.test_iter61_brochure.TestRegression" name="test_sources_get" time="0.121" /></testsuite></testsuites>