<?xml version="1.0" encoding="utf-8"?><testsuites name="pytest tests"><testsuite name="pytest" errors="0" failures="0" skipped="0" tests="6" time="208.053" timestamp="2026-05-08T13:30:23.946716+00:00" hostname="agent-env-3f0ef416-9a50-458b-9d40-23408771a059"><testcase classname="backend.tests.test_iter16_recaware_visualize" name="test_visualize_family_resolves[Sleep Capacity Expansion-expected0]" time="37.326" /><testcase classname="backend.tests.test_iter16_recaware_visualize" name="test_visualize_family_resolves[Layered Evening Lighting-expected1]" time="38.121" /><testcase classname="backend.tests.test_iter16_recaware_visualize" name="test_visualize_family_resolves[Outdoor Dining Program-expected2]" time="43.540" /><testcase classname="backend.tests.test_iter16_recaware_visualize" name="test_visualize_family_resolves[Editorial Photography Refresh-expected3]" time="36.034" /><testcase classname="backend.tests.test_iter16_recaware_visualize" name="test_visualize_family_resolves[Dynamic Pricing Strategy-expected4]" time="33.998" /><testcase classname="backend.tests.test_iter16_recaware_visualize" name="test_visualize_image_returns_data_url" time="19.007" /></testsuite></testsuites>