<?xml version="1.0" encoding="utf-8"?><testsuites name="pytest tests"><testsuite name="pytest" errors="0" failures="1" skipped="0" tests="5" time="26.676" timestamp="2026-05-08T10:37:40.371618+00:00" hostname="agent-env-3f0ef416-9a50-458b-9d40-23408771a059"><testcase classname="backend.tests.test_iter10" name="test_ingest_airbnb_like_url_returns_property_shape" time="5.066" /><testcase classname="backend.tests.test_iter10" name="test_ingest_garbage_url_falls_back_inferred" time="4.756" /><testcase classname="backend.tests.test_iter10" name="test_ingest_with_user_nightly_rate_marks_provenance_user" time="4.372"><failure message="AssertionError: Expected provenance.nightly_rate=user, got scraped&#10;assert 'scraped' == 'user'&#10;  &#10;  - user&#10;  + scraped">E   AssertionError: Expected provenance.nightly_rate=user, got scraped
    assert 'scraped' == 'user'
      
      - user
      + scraped</failure></testcase><testcase classname="backend.tests.test_iter10" name="test_ingest_non_http_url_returns_400" time="12.348" /><testcase classname="backend.tests.test_iter10" name="test_demo_property_regression" time="0.118" /></testsuite></testsuites>