<?xml version="1.0" encoding="utf-8"?><testsuites name="pytest tests"><testsuite name="pytest" errors="0" failures="0" skipped="0" tests="9" time="24.557" timestamp="2026-05-08T11:39:45.612642+00:00" hostname="agent-env-3f0ef416-9a50-458b-9d40-23408771a059"><testcase classname="backend.tests.test_iter12_listing" name="test_status_200" time="13.344" /><testcase classname="backend.tests.test_iter12_listing" name="test_required_fields_present" time="0.000" /><testcase classname="backend.tests.test_iter12_listing" name="test_title_is_string" time="0.000" /><testcase classname="backend.tests.test_iter12_listing" name="test_description_is_array_of_3" time="0.000" /><testcase classname="backend.tests.test_iter12_listing" name="test_amenities_5_or_more_strings" time="0.000" /><testcase classname="backend.tests.test_iter12_listing" name="test_no_exclamation_marks" time="0.000" /><testcase classname="backend.tests.test_iter12_listing" name="test_cache_hit_under_2s" time="0.189" /><testcase classname="backend.tests.test_iter12_listing" name="test_minimal_payload_returns_200" time="10.828" /><testcase classname="backend.tests.test_iter12_listing" name="test_empty_body_returns_422_or_200" time="0.171" /></testsuite></testsuites>