<?xml version="1.0" encoding="utf-8"?><testsuites name="pytest tests"><testsuite name="pytest" errors="0" failures="0" skipped="0" tests="37" time="17.794" timestamp="2026-05-09T06:25:05.849885+00:00" hostname="agent-env-3f0ef416-9a50-458b-9d40-23408771a059"><testcase classname="tests.test_iter32_verify.TestIngestConfidence" name="test_response_includes_confidence_map" time="0.368" /><testcase classname="tests.test_iter32_verify.TestIngestConfidence" name="test_unfetchable_url_returns_missing_for_critical_fields" time="0.079" /><testcase classname="tests.test_iter32_verify.TestIngestConfidence" name="test_user_overrides_marked_user_verified" time="0.121" /><testcase classname="tests.test_iter32_verify.TestIngestConfidence" name="test_listing_source_inferred_from_url" time="1.808" /><testcase classname="tests.test_iter32_verify.TestDraftUpdate" name="test_put_marks_fields_user_verified" time="0.109" /><testcase classname="tests.test_iter32_verify.TestDraftUpdate" name="test_put_unknown_draft_returns_404" time="0.051" /><testcase classname="tests.test_iter32_verify.TestDraftUpdate" name="test_put_persists_across_get" time="0.156" /><testcase classname="tests.test_iter30_drafts_sync.TestInvestDraft" name="test_create_returns_draft_id" time="0.136" /><testcase classname="tests.test_iter30_drafts_sync.TestInvestDraft" name="test_get_returns_persisted_draft" time="0.134" /><testcase classname="tests.test_iter30_drafts_sync.TestInvestDraft" name="test_get_unknown_returns_404" time="0.045" /><testcase classname="tests.test_iter30_drafts_sync.TestSyncListing" name="test_create_rejects_empty" time="0.043" /><testcase classname="tests.test_iter30_drafts_sync.TestSyncListing" name="test_create_returns_queued" time="0.044" /><testcase classname="tests.test_iter30_drafts_sync.TestSyncListing" name="test_progresses_through_stages" time="11.189" /><testcase classname="tests.test_iter30_drafts_sync.TestSyncListing" name="test_history_returns_recent_jobs" time="0.184" /><testcase classname="tests.test_iter30_drafts_sync.TestSyncListing" name="test_status_unknown_returns_404" time="0.045" /><testcase classname="tests.test_iter25_invest.TestInvestIngest" name="test_invalid_url_rejected" time="0.137" /><testcase classname="tests.test_iter25_invest.TestInvestIngest" name="test_user_overrides_win" time="0.130" /><testcase classname="tests.test_iter25_invest.TestInvestIngest" name="test_property_type_heuristic" time="0.139" /><testcase classname="tests.test_iter25_invest.TestInvestAnalyze" name="test_required_fields_rejected" time="0.138" /><testcase classname="tests.test_iter25_invest.TestInvestAnalyze" name="test_top_level_shape" time="0.144" /><testcase classname="tests.test_iter25_invest.TestInvestAnalyze" name="test_snapshot_keys" time="0.000" /><testcase classname="tests.test_iter25_invest.TestInvestAnalyze" name="test_offer_strategies_count" time="0.000" /><testcase classname="tests.test_iter25_invest.TestInvestAnalyze" name="test_true_roi_balances" time="0.000" /><testcase classname="tests.test_iter25_invest.TestInvestAnalyze" name="test_transformation_three_scenarios" time="0.000" /><testcase classname="tests.test_iter25_invest.TestInvestAnalyze" name="test_max_buy_price_inverse" time="0.000" /><testcase classname="tests.test_iter25_invest.TestInvestAnalyze" name="test_str_comps_shape" time="0.000" /><testcase classname="tests.test_iter25_invest.TestInvestAnalyze" name="test_determinism" time="0.101" /><testcase classname="tests.test_iter24_stripe_warmup.TestVisionWarmup" name="test_warmup_ok" time="0.130" /><testcase classname="tests.test_iter24_stripe_warmup.TestVisionWarmup" name="test_warmup_idempotent" time="0.129" /><testcase classname="tests.test_iter24_stripe_warmup.TestStripeValidation" name="test_free_tier_rejected" time="0.046" /><testcase classname="tests.test_iter24_stripe_warmup.TestStripeValidation" name="test_unknown_tier_rejected" time="0.046" /><testcase classname="tests.test_iter24_stripe_warmup.TestStripeValidation" name="test_bad_origin_url" time="0.044" /><testcase classname="tests.test_iter24_stripe_warmup" name="test_checkout_creates_session[pro]" time="0.483" /><testcase classname="tests.test_iter24_stripe_warmup" name="test_checkout_creates_session[investor]" time="0.437" /><testcase classname="tests.test_iter24_stripe_warmup" name="test_checkout_creates_session[developer]" time="0.444" /><testcase classname="tests.test_iter24_stripe_warmup.TestStripeStatusPoll" name="test_status_returns_open_or_unpaid" time="0.563" /><testcase classname="tests.test_iter24_stripe_warmup.TestStripeStatusPoll" name="test_status_idempotent" time="0.131" /></testsuite></testsuites>