<?xml version="1.0" encoding="utf-8"?><testsuites name="pytest tests"><testsuite name="pytest" errors="0" failures="3" skipped="0" tests="15" time="10.296" timestamp="2026-05-08T14:43:10.923599+00:00" hostname="agent-env-3f0ef416-9a50-458b-9d40-23408771a059"><testcase classname="backend.tests.test_iter20.TestDedupeHelper" name="test_collapse_same_canonical_url_newest_wins" time="0.000" /><testcase classname="backend.tests.test_iter20.TestDedupeHelper" name="test_canonical_url_computed_from_listing_url_when_missing" time="0.000" /><testcase classname="backend.tests.test_iter20.TestDedupeHelper" name="test_name_city_type_fallback_collapses_urlless_imports" time="0.000" /><testcase classname="backend.tests.test_iter20.TestDedupeHelper" name="test_different_assets_kept_distinct" time="0.000" /><testcase classname="backend.tests.test_iter20.TestDedupeHelper" name="test_identityless_records_use_property_id_so_no_collapse" time="0.000" /><testcase classname="backend.tests.test_iter20.TestDedupeHelper" name="test_empty_input" time="0.000" /><testcase classname="backend.tests.test_iter20.TestDedupeHelper" name="test_canonical_listing_url_strips_query_fragment" time="0.000" /><testcase classname="backend.tests.test_iter20.TestAuthGated" name="test_get_properties_requires_auth" time="0.240" /><testcase classname="backend.tests.test_iter20.TestPublicRegression" name="test_property_demo" time="0.156" /><testcase classname="backend.tests.test_iter20.TestPublicRegression" name="test_portfolio_demo" time="0.137" /><testcase classname="backend.tests.test_iter20.TestPublicRegression" name="test_visualize" time="0.165"><failure message="AssertionError: {&quot;detail&quot;:[{&quot;type&quot;:&quot;missing&quot;,&quot;loc&quot;:[&quot;body&quot;,&quot;recommendation&quot;],&quot;msg&quot;:&quot;Field required&quot;,&quot;input&quot;:{&quot;property_id&quot;:&quot;demo&quot;,&quot;upgrade_id&quot;:&quot;0&quot;,&quot;concept&quot;:&quot;mezzanine_loft&quot;},&quot;url&quot;:&quot;https://errors.pydantic.dev/2.13/v/missing&quot;}]}&#10;assert 422 == 200&#10; +  where 422 = &lt;Response [422]&gt;.status_code">backend/tests/test_iter20.py:114: in test_visualize
    assert r.status_code == 200, r.text[:300]
E   AssertionError: {"detail":[{"type":"missing","loc":["body","recommendation"],"msg":"Field required","input":{"property_id":"demo","upgrade_id":"0","concept":"mezzanine_loft"},"url":"https://errors.pydantic.dev/2.13/v/missing"}]}
E   assert 422 == 200
E    +  where 422 = &lt;Response [422]&gt;.status_code</failure></testcase><testcase classname="backend.tests.test_iter20.TestPublicRegression" name="test_upgrade_cart" time="0.105"><failure message="AssertionError: {&quot;detail&quot;:[{&quot;type&quot;:&quot;missing&quot;,&quot;loc&quot;:[&quot;body&quot;,&quot;recommendation&quot;],&quot;msg&quot;:&quot;Field required&quot;,&quot;input&quot;:{&quot;property_id&quot;:&quot;demo&quot;,&quot;upgrade_id&quot;:&quot;0&quot;},&quot;url&quot;:&quot;https://errors.pydantic.dev/2.13/v/missing&quot;}]}&#10;assert 422 == 200&#10; +  where 422 = &lt;Response [422]&gt;.status_code">backend/tests/test_iter20.py:122: in test_upgrade_cart
    assert r.status_code == 200, r.text[:300]
E   AssertionError: {"detail":[{"type":"missing","loc":["body","recommendation"],"msg":"Field required","input":{"property_id":"demo","upgrade_id":"0"},"url":"https://errors.pydantic.dev/2.13/v/missing"}]}
E   assert 422 == 200
E    +  where 422 = &lt;Response [422]&gt;.status_code</failure></testcase><testcase classname="backend.tests.test_iter20.TestPublicRegression" name="test_upgrade_listing" time="0.145"><failure message="AssertionError: {&quot;detail&quot;:[{&quot;type&quot;:&quot;missing&quot;,&quot;loc&quot;:[&quot;body&quot;,&quot;recommendation&quot;],&quot;msg&quot;:&quot;Field required&quot;,&quot;input&quot;:{&quot;property_id&quot;:&quot;demo&quot;,&quot;upgrade_id&quot;:&quot;0&quot;},&quot;url&quot;:&quot;https://errors.pydantic.dev/2.13/v/missing&quot;}]}&#10;assert 422 == 200&#10; +  where 422 = &lt;Response [422]&gt;.status_code">backend/tests/test_iter20.py:130: in test_upgrade_listing
    assert r.status_code == 200, r.text[:300]
E   AssertionError: {"detail":[{"type":"missing","loc":["body","recommendation"],"msg":"Field required","input":{"property_id":"demo","upgrade_id":"0"},"url":"https://errors.pydantic.dev/2.13/v/missing"}]}
E   assert 422 == 200
E    +  where 422 = &lt;Response [422]&gt;.status_code</failure></testcase><testcase classname="backend.tests.test_iter20.TestPublicRegression" name="test_ingest_listing_url" time="8.903" /><testcase classname="backend.tests.test_iter20.TestPublicRegression" name="test_visual_analysis_error_fast" time="0.143" /></testsuite></testsuites>