<?xml version="1.0" encoding="utf-8"?><testsuites name="pytest tests"><testsuite name="pytest" errors="0" failures="0" skipped="0" tests="8" time="171.334" timestamp="2026-05-08T12:19:31.456343+00:00" hostname="agent-env-3f0ef416-9a50-458b-9d40-23408771a059"><testcase classname="tests.test_iter13_directions.TestVisualize" name="test_health" time="0.203" /><testcase classname="tests.test_iter13_directions.TestVisualize" name="test_visualize_returns_three_new_keys" time="42.558" /><testcase classname="tests.test_iter13_directions.TestVisualize" name="test_visualize_cache_warm" time="0.342" /><testcase classname="tests.test_iter13_directions.TestVisualize" name="test_visualize_minimal_payload_fallback" time="47.961" /><testcase classname="tests.test_iter13_directions.TestVisualizeImage" name="test_image_accepts_new_keys[editorial_boutique]" time="19.421" /><testcase classname="tests.test_iter13_directions.TestVisualizeImage" name="test_image_accepts_new_keys[family_premium]" time="15.880" /><testcase classname="tests.test_iter13_directions.TestVisualizeImage" name="test_image_accepts_new_keys[romantic_escape]" time="18.747" /><testcase classname="tests.test_iter13_directions.TestVisualizeImage" name="test_image_rejects_unknown_key" time="26.193" /></testsuite></testsuites>