<?xml version="1.0" encoding="utf-8"?><testsuites name="pytest tests"><testsuite name="pytest" errors="0" failures="0" skipped="0" tests="3" time="48.463" timestamp="2026-05-08T09:36:57.043281+00:00" hostname="agent-env-3f0ef416-9a50-458b-9d40-23408771a059"><testcase classname="backend.tests.test_iter8" name="test_demo_property" time="0.194" /><testcase classname="backend.tests.test_iter8" name="test_visualize_returns_three_concepts_with_required_fields" time="47.929" /><testcase classname="backend.tests.test_iter8" name="test_visualize_cache_hit_is_faster" time="0.312" /></testsuite></testsuites>