<?xml version="1.0" encoding="utf-8"?><testsuites name="pytest tests"><testsuite name="pytest" errors="0" failures="0" skipped="0" tests="19" time="58.634" timestamp="2026-05-08T06:49:19.231567+00:00" hostname="agent-env-3f0ef416-9a50-458b-9d40-23408771a059"><testcase classname="backend.tests.test_vela_backend.TestHealth" name="test_root" time="0.138" /><testcase classname="backend.tests.test_vela_backend.TestDemo" name="test_demo_public" time="0.096" /><testcase classname="backend.tests.test_vela_backend.TestDemo" name="test_demo_score_breakdown" time="0.104" /><testcase classname="backend.tests.test_vela_backend.TestDemo" name="test_demo_design_intelligence_expanded" time="0.097" /><testcase classname="backend.tests.test_vela_backend.TestDemo" name="test_demo_market_intelligence_expanded" time="0.108" /><testcase classname="backend.tests.test_vela_backend.TestAuth" name="test_me_unauth" time="0.116" /><testcase classname="backend.tests.test_vela_backend.TestAuth" name="test_properties_unauth" time="0.100" /><testcase classname="backend.tests.test_vela_backend.TestAuth" name="test_me_with_bearer" time="0.502" /><testcase classname="backend.tests.test_vela_backend.TestProperties" name="test_create" time="0.099" /><testcase classname="backend.tests.test_vela_backend.TestProperties" name="test_list" time="0.102" /><testcase classname="backend.tests.test_vela_backend.TestProperties" name="test_get_one" time="0.096" /><testcase classname="backend.tests.test_vela_backend.TestProperties" name="test_get_demo_via_id_route" time="0.096" /><testcase classname="backend.tests.test_vela_backend.TestUploadAndAnalyze" name="test_upload_photo" time="0.479" /><testcase classname="backend.tests.test_vela_backend.TestUploadAndAnalyze" name="test_upload_floor_plan" time="0.307" /><testcase classname="backend.tests.test_vela_backend.TestUploadAndAnalyze" name="test_upload_invalid_kind" time="0.123" /><testcase classname="backend.tests.test_vela_backend.TestUploadAndAnalyze" name="test_download_file" time="0.232" /><testcase classname="backend.tests.test_vela_backend.TestUploadAndAnalyze" name="test_download_unauth" time="0.093" /><testcase classname="backend.tests.test_vela_backend.TestUploadAndAnalyze" name="test_analyze" time="55.481" /><testcase classname="backend.tests.test_vela_backend.TestLogout" name="test_logout" time="0.204" /></testsuite></testsuites>