<?xml version="1.0" encoding="utf-8"?><testsuites name="pytest tests"><testsuite name="pytest" errors="0" failures="0" skipped="0" tests="18" time="3.443" timestamp="2026-05-08T07:12:29.469645+00:00" hostname="agent-env-3f0ef416-9a50-458b-9d40-23408771a059"><testcase classname="backend.tests.test_vela_backend.TestHealth" name="test_root" time="0.144" /><testcase classname="backend.tests.test_vela_backend.TestDemo" name="test_demo_public" time="0.102" /><testcase classname="backend.tests.test_vela_backend.TestDemo" name="test_demo_score_breakdown" time="0.102" /><testcase classname="backend.tests.test_vela_backend.TestDemo" name="test_demo_design_intelligence_expanded" time="0.187" /><testcase classname="backend.tests.test_vela_backend.TestDemo" name="test_demo_market_intelligence_expanded" time="0.171" /><testcase classname="backend.tests.test_vela_backend.TestAuth" name="test_me_unauth" time="0.125" /><testcase classname="backend.tests.test_vela_backend.TestAuth" name="test_properties_unauth" time="0.126" /><testcase classname="backend.tests.test_vela_backend.TestAuth" name="test_me_with_bearer" time="0.527" /><testcase classname="backend.tests.test_vela_backend.TestProperties" name="test_create" time="0.102" /><testcase classname="backend.tests.test_vela_backend.TestProperties" name="test_list" time="0.100" /><testcase classname="backend.tests.test_vela_backend.TestProperties" name="test_get_one" time="0.117" /><testcase classname="backend.tests.test_vela_backend.TestProperties" name="test_get_demo_via_id_route" time="0.113" /><testcase classname="backend.tests.test_vela_backend.TestUploadAndAnalyze" name="test_upload_photo" time="0.505" /><testcase classname="backend.tests.test_vela_backend.TestUploadAndAnalyze" name="test_upload_floor_plan" time="0.245" /><testcase classname="backend.tests.test_vela_backend.TestUploadAndAnalyze" name="test_upload_invalid_kind" time="0.143" /><testcase classname="backend.tests.test_vela_backend.TestUploadAndAnalyze" name="test_download_file" time="0.251" /><testcase classname="backend.tests.test_vela_backend.TestUploadAndAnalyze" name="test_download_unauth" time="0.120" /><testcase classname="backend.tests.test_vela_backend.TestLogout" name="test_logout" time="0.239" /></testsuite></testsuites>