<?xml version="1.0" encoding="utf-8"?><testsuites name="pytest tests"><testsuite name="pytest" errors="0" failures="0" skipped="0" tests="8" time="146.946" timestamp="2026-05-08T07:09:57.318303+00:00" hostname="agent-env-3f0ef416-9a50-458b-9d40-23408771a059"><testcase classname="backend.tests.test_transform.TestTransformPublic" name="test_transform_no_auth_required" time="29.227" /><testcase classname="backend.tests.test_transform.TestTransformPublic" name="test_transform_shot_list_photography" time="20.310" /><testcase classname="backend.tests.test_transform.TestTransformPublic" name="test_transform_lighting_plan" time="29.148" /><testcase classname="backend.tests.test_transform.TestTransformPublic" name="test_transform_terrace_concept" time="34.443" /><testcase classname="backend.tests.test_transform.TestTransformPublic" name="test_transform_airbnb_title" time="33.405" /><testcase classname="backend.tests.test_transform.TestTransformErrors" name="test_invalid_action_returns_400" time="0.156" /><testcase classname="backend.tests.test_transform.TestTransformErrors" name="test_malformed_body_returns_422" time="0.136" /><testcase classname="backend.tests.test_transform.TestTransformErrors" name="test_no_cookie_no_bearer_still_allowed" time="0.096" /></testsuite></testsuites>